2017-09-07 09:24:36:587 Socket建立连接异常 172.18.212.19:8080
System.Net.Sockets.SocketException (0x80004005): 由于连接方在一段时间后没有正确答复或连接的主机没有反应，连接尝试失败。 172.18.212.19:8080
   在 System.Net.Sockets.Socket.DoConnect(EndPoint endPointSnapshot, SocketAddress socketAddress)
   在 System.Net.Sockets.Socket.Connect(EndPoint remoteEP)
   在 System.Net.Sockets.TcpClient.Connect(IPEndPoint remoteEP)
   在 ETCF.SocketHelper.TcpClients.Connect() 位置 E:\Program\ETCG河北\ETCGDemo-5dd64dc44d5afb4e643412cb76a88b61411cb41d\ETCGDemo-5dd64dc44d5afb4e643412cb76a88b61411cb41d\Demo\SocketHelper.cs:行号 527
2017-09-07 09:24:57:726 Socket建立连接异常 172.18.212.19:5004
System.Net.Sockets.SocketException (0x80004005): 由于连接方在一段时间后没有正确答复或连接的主机没有反应，连接尝试失败。 172.18.212.19:5004
   在 System.Net.Sockets.Socket.DoConnect(EndPoint endPointSnapshot, SocketAddress socketAddress)
   在 System.Net.Sockets.Socket.Connect(EndPoint remoteEP)
   在 System.Net.Sockets.TcpClient.Connect(IPEndPoint remoteEP)
   在 ETCF.SocketHelper.TcpClients.Connect() 位置 E:\Program\ETCG河北\ETCGDemo-5dd64dc44d5afb4e643412cb76a88b61411cb41d\ETCGDemo-5dd64dc44d5afb4e643412cb76a88b61411cb41d\Demo\SocketHelper.cs:行号 527
2017/9/7 9:24:57 数据库初始化异常
System.Data.SqlClient.SqlException (0x80131904): 无法打开登录所请求的数据库 "ETCF"。登录失败。
用户 'sa' 登录失败。
   在 System.Data.SqlClient.SqlInternalConnection.OnError(SqlException exception, Boolean breakConnection, Action`1 wrapCloseInAction)
   在 System.Data.SqlClient.TdsParser.ThrowExceptionAndWarning(TdsParserStateObject stateObj, Boolean callerHasConnectionLock, Boolean asyncClose)
   在 System.Data.SqlClient.TdsParser.TryRun(RunBehavior runBehavior, SqlCommand cmdHandler, SqlDataReader dataStream, BulkCopySimpleResultSet bulkCopyHandler, TdsParserStateObject stateObj, Boolean& dataReady)
   在 System.Data.SqlClient.TdsParser.Run(RunBehavior runBehavior, SqlCommand cmdHandler, SqlDataReader dataStream, BulkCopySimpleResultSet bulkCopyHandler, TdsParserStateObject stateObj)
   在 System.Data.SqlClient.SqlInternalConnectionTds.CompleteLogin(Boolean enlistOK)
   在 System.Data.SqlClient.SqlInternalConnectionTds.AttemptOneLogin(ServerInfo serverInfo, String newPassword, SecureString newSecurePassword, Boolean ignoreSniOpenTimeout, TimeoutTimer timeout, Boolean withFailover)
   在 System.Data.SqlClient.SqlInternalConnectionTds.LoginNoFailover(ServerInfo serverInfo, String newPassword, SecureString newSecurePassword, Boolean redirectedUserInstance, SqlConnectionString connectionOptions, SqlCredential credential, TimeoutTimer timeout)
   在 System.Data.SqlClient.SqlInternalConnectionTds.OpenLoginEnlist(TimeoutTimer timeout, SqlConnectionString connectionOptions, SqlCredential credential, String newPassword, SecureString newSecurePassword, Boolean redirectedUserInstance)
   在 System.Data.SqlClient.SqlInternalConnectionTds..ctor(DbConnectionPoolIdentity identity, SqlConnectionString connectionOptions, SqlCredential credential, Object providerInfo, String newPassword, SecureString newSecurePassword, Boolean redirectedUserInstance, SqlConnectionString userConnectionOptions, SessionData reconnectSessionData)
   在 System.Data.SqlClient.SqlConnectionFactory.CreateConnection(DbConnectionOptions options, DbConnectionPoolKey poolKey, Object poolGroupProviderInfo, DbConnectionPool pool, DbConnection owningConnection, DbConnectionOptions userOptions)
   在 System.Data.ProviderBase.DbConnectionFactory.CreatePooledConnection(DbConnectionPool pool, DbConnection owningObject, DbConnectionOptions options, DbConnectionPoolKey poolKey, DbConnectionOptions userOptions)
   在 System.Data.ProviderBase.DbConnectionPool.CreateObject(DbConnection owningObject, DbConnectionOptions userOptions, DbConnectionInternal oldConnection)
   在 System.Data.ProviderBase.DbConnectionPool.UserCreateRequest(DbConnection owningObject, DbConnectionOptions userOptions, DbConnectionInternal oldConnection)
   在 System.Data.ProviderBase.DbConnectionPool.TryGetConnection(DbConnection owningObject, UInt32 waitForMultipleObjectsTimeout, Boolean allowCreate, Boolean onlyOneCheckConnection, DbConnectionOptions userOptions, DbConnectionInternal& connection)
   在 System.Data.ProviderBase.DbConnectionPool.TryGetConnection(DbConnection owningObject, TaskCompletionSource`1 retry, DbConnectionOptions userOptions, DbConnectionInternal& connection)
   在 System.Data.ProviderBase.DbConnectionFactory.TryGetConnection(DbConnection owningConnection, TaskCompletionSource`1 retry, DbConnectionOptions userOptions, DbConnectionInternal oldConnection, DbConnectionInternal& connection)
   在 System.Data.ProviderBase.DbConnectionInternal.TryOpenConnectionInternal(DbConnection outerConnection, DbConnectionFactory connectionFactory, TaskCompletionSource`1 retry, DbConnectionOptions userOptions)
   在 System.Data.ProviderBase.DbConnectionClosed.TryOpenConnection(DbConnection outerConnection, DbConnectionFactory connectionFactory, TaskCompletionSource`1 retry, DbConnectionOptions userOptions)
   在 System.Data.SqlClient.SqlConnection.TryOpenInner(TaskCompletionSource`1 retry)
   在 System.Data.SqlClient.SqlConnection.TryOpen(TaskCompletionSource`1 retry)
   在 System.Data.SqlClient.SqlConnection.Open()
   在 ETCF.SQLServerInter.InitSqlserver() 位置 E:\Program\ETCG河北\ETCGDemo-5dd64dc44d5afb4e643412cb76a88b61411cb41d\ETCGDemo-5dd64dc44d5afb4e643412cb76a88b61411cb41d\Demo\SQLDB\SQLServerInter.cs:行号 85
ClientConnectionId:7145123a-d780-4a03-a8b5-ac2cc76069b5
Error Number:4060,State:1,Class:11
2017-09-07 09:25:00:856 Socket异常
System.Exception: 发送数据失败，客户端无连接..
2017-09-07 09:26:31:494 Socket建立连接异常 192.168.99.202:8080
System.Net.Sockets.SocketException (0x80004005): 由于目标计算机积极拒绝，无法连接。 192.168.99.202:8080
   在 System.Net.Sockets.Socket.DoConnect(EndPoint endPointSnapshot, SocketAddress socketAddress)
   在 System.Net.Sockets.Socket.Connect(EndPoint remoteEP)
   在 System.Net.Sockets.TcpClient.Connect(IPEndPoint remoteEP)
   在 ETCF.SocketHelper.TcpClients.Connect() 位置 E:\Program\ETCG河北\ETCGDemo-5dd64dc44d5afb4e643412cb76a88b61411cb41d\ETCGDemo-5dd64dc44d5afb4e643412cb76a88b61411cb41d\Demo\SocketHelper.cs:行号 527
2017-09-07 09:26:32:630 Socket建立连接异常 192.168.99.202:5004
System.Net.Sockets.SocketException (0x80004005): 由于目标计算机积极拒绝，无法连接。 192.168.99.202:5004
   在 System.Net.Sockets.Socket.DoConnect(EndPoint endPointSnapshot, SocketAddress socketAddress)
   在 System.Net.Sockets.Socket.Connect(EndPoint remoteEP)
   在 System.Net.Sockets.TcpClient.Connect(IPEndPoint remoteEP)
   在 ETCF.SocketHelper.TcpClients.Connect() 位置 E:\Program\ETCG河北\ETCGDemo-5dd64dc44d5afb4e643412cb76a88b61411cb41d\ETCGDemo-5dd64dc44d5afb4e643412cb76a88b61411cb41d\Demo\SocketHelper.cs:行号 527
2017/9/7 9:26:32 数据库初始化异常
System.Data.SqlClient.SqlException (0x80131904): 无法打开登录所请求的数据库 "ETCF"。登录失败。
用户 'sa' 登录失败。
   在 System.Data.SqlClient.SqlInternalConnection.OnError(SqlException exception, Boolean breakConnection, Action`1 wrapCloseInAction)
   在 System.Data.SqlClient.TdsParser.ThrowExceptionAndWarning(TdsParserStateObject stateObj, Boolean callerHasConnectionLock, Boolean asyncClose)
   在 System.Data.SqlClient.TdsParser.TryRun(RunBehavior runBehavior, SqlCommand cmdHandler, SqlDataReader dataStream, BulkCopySimpleResultSet bulkCopyHandler, TdsParserStateObject stateObj, Boolean& dataReady)
   在 System.Data.SqlClient.TdsParser.Run(RunBehavior runBehavior, SqlCommand cmdHandler, SqlDataReader dataStream, BulkCopySimpleResultSet bulkCopyHandler, TdsParserStateObject stateObj)
   在 System.Data.SqlClient.SqlInternalConnectionTds.CompleteLogin(Boolean enlistOK)
   在 System.Data.SqlClient.SqlInternalConnectionTds.AttemptOneLogin(ServerInfo serverInfo, String newPassword, SecureString newSecurePassword, Boolean ignoreSniOpenTimeout, TimeoutTimer timeout, Boolean withFailover)
   在 System.Data.SqlClient.SqlInternalConnectionTds.LoginNoFailover(ServerInfo serverInfo, String newPassword, SecureString newSecurePassword, Boolean redirectedUserInstance, SqlConnectionString connectionOptions, SqlCredential credential, TimeoutTimer timeout)
   在 System.Data.SqlClient.SqlInternalConnectionTds.OpenLoginEnlist(TimeoutTimer timeout, SqlConnectionString connectionOptions, SqlCredential credential, String newPassword, SecureString newSecurePassword, Boolean redirectedUserInstance)
   在 System.Data.SqlClient.SqlInternalConnectionTds..ctor(DbConnectionPoolIdentity identity, SqlConnectionString connectionOptions, SqlCredential credential, Object providerInfo, String newPassword, SecureString newSecurePassword, Boolean redirectedUserInstance, SqlConnectionString userConnectionOptions, SessionData reconnectSessionData)
   在 System.Data.SqlClient.SqlConnectionFactory.CreateConnection(DbConnectionOptions options, DbConnectionPoolKey poolKey, Object poolGroupProviderInfo, DbConnectionPool pool, DbConnection owningConnection, DbConnectionOptions userOptions)
   在 System.Data.ProviderBase.DbConnectionFactory.CreatePooledConnection(DbConnectionPool pool, DbConnection owningObject, DbConnectionOptions options, DbConnectionPoolKey poolKey, DbConnectionOptions userOptions)
   在 System.Data.ProviderBase.DbConnectionPool.CreateObject(DbConnection owningObject, DbConnectionOptions userOptions, DbConnectionInternal oldConnection)
   在 System.Data.ProviderBase.DbConnectionPool.UserCreateRequest(DbConnection owningObject, DbConnectionOptions userOptions, DbConnectionInternal oldConnection)
   在 System.Data.ProviderBase.DbConnectionPool.TryGetConnection(DbConnection owningObject, UInt32 waitForMultipleObjectsTimeout, Boolean allowCreate, Boolean onlyOneCheckConnection, DbConnectionOptions userOptions, DbConnectionInternal& connection)
   在 System.Data.ProviderBase.DbConnectionPool.TryGetConnection(DbConnection owningObject, TaskCompletionSource`1 retry, DbConnectionOptions userOptions, DbConnectionInternal& connection)
   在 System.Data.ProviderBase.DbConnectionFactory.TryGetConnection(DbConnection owningConnection, TaskCompletionSource`1 retry, DbConnectionOptions userOptions, DbConnectionInternal oldConnection, DbConnectionInternal& connection)
   在 System.Data.ProviderBase.DbConnectionInternal.TryOpenConnectionInternal(DbConnection outerConnection, DbConnectionFactory connectionFactory, TaskCompletionSource`1 retry, DbConnectionOptions userOptions)
   在 System.Data.ProviderBase.DbConnectionClosed.TryOpenConnection(DbConnection outerConnection, DbConnectionFactory connectionFactory, TaskCompletionSource`1 retry, DbConnectionOptions userOptions)
   在 System.Data.SqlClient.SqlConnection.TryOpenInner(TaskCompletionSource`1 retry)
   在 System.Data.SqlClient.SqlConnection.TryOpen(TaskCompletionSource`1 retry)
   在 System.Data.SqlClient.SqlConnection.Open()
   在 ETCF.SQLServerInter.InitSqlserver() 位置 E:\Program\ETCG河北\ETCGDemo-5dd64dc44d5afb4e643412cb76a88b61411cb41d\ETCGDemo-5dd64dc44d5afb4e643412cb76a88b61411cb41d\Demo\SQLDB\SQLServerInter.cs:行号 85
ClientConnectionId:7fdbb7ac-861d-46d8-b4b8-f4e9fce49a21
Error Number:4060,State:1,Class:11
2017-09-07 09:26:35:734 Socket异常
System.Exception: 发送数据失败，客户端无连接..
2017-09-07 09:26:38:779 Socket异常
System.Exception: 发送数据失败，客户端无连接..
2017-09-07 09:26:41:740 Socket异常
System.Exception: 发送数据失败，客户端无连接..
2017-09-07 09:26:44:751 Socket异常
System.Exception: 发送数据失败，客户端无连接..
2017-09-07 09:26:47:760 Socket异常
System.Exception: 发送数据失败，客户端无连接..
2017-09-07 09:26:48:793 Socket建立连接异常 192.168.99.202:8080
System.Net.Sockets.SocketException (0x80004005): 由于目标计算机积极拒绝，无法连接。 192.168.99.202:8080
   在 System.Net.Sockets.Socket.DoConnect(EndPoint endPointSnapshot, SocketAddress socketAddress)
   在 System.Net.Sockets.Socket.Connect(EndPoint remoteEP)
   在 System.Net.Sockets.TcpClient.Connect(IPEndPoint remoteEP)
   在 ETCF.SocketHelper.TcpClients.Connect() 位置 E:\Program\ETCG河北\ETCGDemo-5dd64dc44d5afb4e643412cb76a88b61411cb41d\ETCGDemo-5dd64dc44d5afb4e643412cb76a88b61411cb41d\Demo\SocketHelper.cs:行号 527
2017-09-07 09:26:48:796 天线控制器已检测断开，正在重连
2017-09-07 09:26:49:830 Socket建立连接异常 192.168.99.202:5004
System.Net.Sockets.SocketException (0x80004005): 由于目标计算机积极拒绝，无法连接。 192.168.99.202:5004
   在 System.Net.Sockets.Socket.DoConnect(EndPoint endPointSnapshot, SocketAddress socketAddress)
   在 System.Net.Sockets.Socket.Connect(EndPoint remoteEP)
   在 System.Net.Sockets.TcpClient.Connect(IPEndPoint remoteEP)
   在 ETCF.SocketHelper.TcpClients.Connect() 位置 E:\Program\ETCG河北\ETCGDemo-5dd64dc44d5afb4e643412cb76a88b61411cb41d\ETCGDemo-5dd64dc44d5afb4e643412cb76a88b61411cb41d\Demo\SocketHelper.cs:行号 527
2017-09-07 09:26:49:831 激光控制器已检测断开，正在重连
2017-09-07 09:26:50:771 Socket异常
System.Exception: 发送数据失败，客户端无连接..
2017-09-07 09:26:53:781 Socket异常
System.Exception: 发送数据失败，客户端无连接..
2017-09-07 09:26:56:796 Socket异常
System.Exception: 发送数据失败，客户端无连接..
2017-09-07 09:26:59:805 Socket异常
System.Exception: 发送数据失败，客户端无连接..
2017-09-07 09:27:08:270 Socket建立连接异常 192.168.99.202:8080
System.Net.Sockets.SocketException (0x80004005): 由于目标计算机积极拒绝，无法连接。 192.168.99.202:8080
   在 System.Net.Sockets.Socket.DoConnect(EndPoint endPointSnapshot, SocketAddress socketAddress)
   在 System.Net.Sockets.Socket.Connect(EndPoint remoteEP)
   在 System.Net.Sockets.TcpClient.Connect(IPEndPoint remoteEP)
   在 ETCF.SocketHelper.TcpClients.Connect() 位置 E:\Program\ETCG河北\ETCGDemo-5dd64dc44d5afb4e643412cb76a88b61411cb41d\ETCGDemo-5dd64dc44d5afb4e643412cb76a88b61411cb41d\Demo\SocketHelper.cs:行号 527
2017-09-07 09:27:09:400 Socket建立连接异常 192.168.99.202:5004
System.Net.Sockets.SocketException (0x80004005): 由于目标计算机积极拒绝，无法连接。 192.168.99.202:5004
   在 System.Net.Sockets.Socket.DoConnect(EndPoint endPointSnapshot, SocketAddress socketAddress)
   在 System.Net.Sockets.Socket.Connect(EndPoint remoteEP)
   在 System.Net.Sockets.TcpClient.Connect(IPEndPoint remoteEP)
   在 ETCF.SocketHelper.TcpClients.Connect() 位置 E:\Program\ETCG河北\ETCGDemo-5dd64dc44d5afb4e643412cb76a88b61411cb41d\ETCGDemo-5dd64dc44d5afb4e643412cb76a88b61411cb41d\Demo\SocketHelper.cs:行号 527
2017/9/7 9:27:09 数据库初始化异常
System.Data.SqlClient.SqlException (0x80131904): 无法打开登录所请求的数据库 "ETCF"。登录失败。
用户 'sa' 登录失败。
   在 System.Data.SqlClient.SqlInternalConnection.OnError(SqlException exception, Boolean breakConnection, Action`1 wrapCloseInAction)
   在 System.Data.SqlClient.TdsParser.ThrowExceptionAndWarning(TdsParserStateObject stateObj, Boolean callerHasConnectionLock, Boolean asyncClose)
   在 System.Data.SqlClient.TdsParser.TryRun(RunBehavior runBehavior, SqlCommand cmdHandler, SqlDataReader dataStream, BulkCopySimpleResultSet bulkCopyHandler, TdsParserStateObject stateObj, Boolean& dataReady)
   在 System.Data.SqlClient.TdsParser.Run(RunBehavior runBehavior, SqlCommand cmdHandler, SqlDataReader dataStream, BulkCopySimpleResultSet bulkCopyHandler, TdsParserStateObject stateObj)
   在 System.Data.SqlClient.SqlInternalConnectionTds.CompleteLogin(Boolean enlistOK)
   在 System.Data.SqlClient.SqlInternalConnectionTds.AttemptOneLogin(ServerInfo serverInfo, String newPassword, SecureString newSecurePassword, Boolean ignoreSniOpenTimeout, TimeoutTimer timeout, Boolean withFailover)
   在 System.Data.SqlClient.SqlInternalConnectionTds.LoginNoFailover(ServerInfo serverInfo, String newPassword, SecureString newSecurePassword, Boolean redirectedUserInstance, SqlConnectionString connectionOptions, SqlCredential credential, TimeoutTimer timeout)
   在 System.Data.SqlClient.SqlInternalConnectionTds.OpenLoginEnlist(TimeoutTimer timeout, SqlConnectionString connectionOptions, SqlCredential credential, String newPassword, SecureString newSecurePassword, Boolean redirectedUserInstance)
   在 System.Data.SqlClient.SqlInternalConnectionTds..ctor(DbConnectionPoolIdentity identity, SqlConnectionString connectionOptions, SqlCredential credential, Object providerInfo, String newPassword, SecureString newSecurePassword, Boolean redirectedUserInstance, SqlConnectionString userConnectionOptions, SessionData reconnectSessionData)
   在 System.Data.SqlClient.SqlConnectionFactory.CreateConnection(DbConnectionOptions options, DbConnectionPoolKey poolKey, Object poolGroupProviderInfo, DbConnectionPool pool, DbConnection owningConnection, DbConnectionOptions userOptions)
   在 System.Data.ProviderBase.DbConnectionFactory.CreatePooledConnection(DbConnectionPool pool, DbConnection owningObject, DbConnectionOptions options, DbConnectionPoolKey poolKey, DbConnectionOptions userOptions)
   在 System.Data.ProviderBase.DbConnectionPool.CreateObject(DbConnection owningObject, DbConnectionOptions userOptions, DbConnectionInternal oldConnection)
   在 System.Data.ProviderBase.DbConnectionPool.UserCreateRequest(DbConnection owningObject, DbConnectionOptions userOptions, DbConnectionInternal oldConnection)
   在 System.Data.ProviderBase.DbConnectionPool.TryGetConnection(DbConnection owningObject, UInt32 waitForMultipleObjectsTimeout, Boolean allowCreate, Boolean onlyOneCheckConnection, DbConnectionOptions userOptions, DbConnectionInternal& connection)
   在 System.Data.ProviderBase.DbConnectionPool.TryGetConnection(DbConnection owningObject, TaskCompletionSource`1 retry, DbConnectionOptions userOptions, DbConnectionInternal& connection)
   在 System.Data.ProviderBase.DbConnectionFactory.TryGetConnection(DbConnection owningConnection, TaskCompletionSource`1 retry, DbConnectionOptions userOptions, DbConnectionInternal oldConnection, DbConnectionInternal& connection)
   在 System.Data.ProviderBase.DbConnectionInternal.TryOpenConnectionInternal(DbConnection outerConnection, DbConnectionFactory connectionFactory, TaskCompletionSource`1 retry, DbConnectionOptions userOptions)
   在 System.Data.ProviderBase.DbConnectionClosed.TryOpenConnection(DbConnection outerConnection, DbConnectionFactory connectionFactory, TaskCompletionSource`1 retry, DbConnectionOptions userOptions)
   在 System.Data.SqlClient.SqlConnection.TryOpenInner(TaskCompletionSource`1 retry)
   在 System.Data.SqlClient.SqlConnection.TryOpen(TaskCompletionSource`1 retry)
   在 System.Data.SqlClient.SqlConnection.Open()
   在 ETCF.SQLServerInter.InitSqlserver() 位置 E:\Program\ETCG河北\ETCGDemo-5dd64dc44d5afb4e643412cb76a88b61411cb41d\ETCGDemo-5dd64dc44d5afb4e643412cb76a88b61411cb41d\Demo\SQLDB\SQLServerInter.cs:行号 85
ClientConnectionId:20d28fc8-eba5-4315-aa26-7714b5d9f50e
Error Number:4060,State:1,Class:11
